<?xml version="1.0" encoding="UTF-8"?>
<testng-results ignored="0" total="1" passed="1" failed="0" skipped="0">
  <reporter-output>
  </reporter-output>
  <suite started-at="2024-02-29T22:39:28 IST" name="Default suite" finished-at="2024-02-29T22:39:49 IST" duration-ms="20581">
    <groups>
    </groups>
    <test started-at="2024-02-29T22:39:28 IST" name="Default test" finished-at="2024-02-29T22:39:49 IST" duration-ms="20581">
      <class name="Manipal.OrangeHRM.Immigration">
        <test-method signature="Immigrationmethod()[pri:0, instance:Manipal.OrangeHRM.Immigration@4803b726]" started-at="2024-02-29T22:39:28 IST" name="Immigrationmethod" finished-at="2024-02-29T22:39:49 IST" duration-ms="20490" status="PASS">
          <reporter-output>
          </reporter-output>
        </test-method> <!-- Immigrationmethod -->
      </class> <!-- Manipal.OrangeHRM.Immigration -->
    </test> <!-- Default test -->
  </suite> <!-- Default suite -->
</testng-results>
